<?xml version="1.0" encoding="UTF-8"?>
<testsuite xmlns:xsi="http://www.w3.org/2001/XMLSchema-instance" xsi:noNamespaceSchemaLocation="https://maven.apache.org/surefire/maven-surefire-plugin/xsd/surefire-test-report-3.0.xsd" version="3.0" name="com.turnos.api.appointments.AppointmentHistoryControllerTest" time="1.363" tests="3" errors="0" skipped="0" failures="0">
  <properties>
[...]
</properties>
  <testcase name="clientOnlySeesOwnAppointmentsEvenWhenFilteringAnotherClient" classname="com.turnos.api.appointments.AppointmentHistoryControllerTest" time="0.218">
    <system-out><![CDATA[2026-05-27T16:20:20.843-03:00  INFO 11552 --- [appointment-management-api] [           main] t.c.s.AnnotationConfigContextLoaderUtils : Could not detect default configuration classes for test class [com.turnos.api.appointments.AppointmentHistoryControllerTest]: AppointmentHistoryControllerTest does not declare any static, non-private, non-final, nested classes annotated with @Configuration.
2026-05-27T16:20:20.846-03:00  INFO 11552 --- [appointment-management-api] [           main] .b.t.c.SpringBootTestContextBootstrapper : Found @SpringBootConfiguration com.turnos.api.AppointmentManagementApiApplication for test class com.turnos.api.appointments.AppointmentHistoryControllerTest

  .   ____          _            __ _ _
 /\\ / ___'_ __ _ _(_)_ __  __ _ \ \ \ \
( ( )\___ | '_ | '_| | '_ \/ _` | \ \ \ \
 \\/  ___)| |_)| | | | | || (_| |  ) ) ) )
  '  |____| .__|_| |_|_| |_\__, | / / / /
 =========|_|==============|___/=/_/_/_/

 :: Spring Boot ::                (v3.3.5)

2026-05-27T16:20:20.878-03:00  INFO 11552 --- [appointment-management-api] [           main] c.t.a.a.AppointmentHistoryControllerTest : Starting AppointmentHistoryControllerTest using Java 21.0.10 with PID 11552 (started by vale- in C:\Users\vale-\CodeProjects\Freelance\BIBE-estetica\backend\Appointment-Manager-API)
2026-05-27T16:20:20.878-03:00  INFO 11552 --- [appointment-management-api] [           main] c.t.a.a.AppointmentHistoryControllerTest : The following 1 profile is active: "test"
2026-05-27T16:20:21.114-03:00  INFO 11552 --- [appointment-management-api] [           main] .s.d.r.c.RepositoryConfigurationDelegate : Bootstrapping Spring Data JPA repositories in DEFAULT mode.
2026-05-27T16:20:21.134-03:00  INFO 11552 --- [appointment-management-api] [           main] .s.d.r.c.RepositoryConfigurationDelegate : Finished Spring Data repository scanning in 19 ms. Found 6 JPA repository interfaces.
2026-05-27T16:20:21.196-03:00  INFO 11552 --- [appointment-management-api] [           main] com.zaxxer.hikari.HikariDataSource       : HikariPool-2 - Starting...
2026-05-27T16:20:21.197-03:00  INFO 11552 --- [appointment-management-api] [           main] com.zaxxer.hikari.pool.HikariPool        : HikariPool-2 - Added connection conn10: url=jdbc:h2:mem:appointment_management_test user=SA
2026-05-27T16:20:21.198-03:00  INFO 11552 --- [appointment-management-api] [           main] com.zaxxer.hikari.HikariDataSource       : HikariPool-2 - Start completed.
2026-05-27T16:20:21.199-03:00  INFO 11552 --- [appointment-management-api] [           main] org.flywaydb.core.FlywayExecutor         : Database: jdbc:h2:mem:appointment_management_test (H2 2.2)
2026-05-27T16:20:21.199-03:00  WARN 11552 --- [appointment-management-api] [           main] o.f.c.internal.database.base.Database    : Flyway upgrade recommended: H2 2.2.224 is newer than this version of Flyway and support has not been tested. The latest supported version of H2 is 2.2.220.
2026-05-27T16:20:21.204-03:00  INFO 11552 --- [appointment-management-api] [           main] o.f.core.internal.command.DbValidate     : Successfully validated 2 migrations (execution time 00:00.004s)
2026-05-27T16:20:21.206-03:00  INFO 11552 --- [appointment-management-api] [           main] o.f.core.internal.command.DbMigrate      : Current version of schema "public": 2
2026-05-27T16:20:21.206-03:00  INFO 11552 --- [appointment-management-api] [           main] o.f.core.internal.command.DbMigrate      : Schema "public" is up to date. No migration necessary.
2026-05-27T16:20:21.222-03:00  INFO 11552 --- [appointment-management-api] [           main] o.hibernate.jpa.internal.util.LogHelper  : HHH000204: Processing PersistenceUnitInfo [name: default]
2026-05-27T16:20:21.224-03:00  INFO 11552 --- [appointment-management-api] [           main] o.h.c.internal.RegionFactoryInitiator    : HHH000026: Second-level cache disabled
2026-05-27T16:20:21.234-03:00  INFO 11552 --- [appointment-management-api] [           main] o.s.o.j.p.SpringPersistenceUnitInfo      : No LoadTimeWeaver setup: ignoring JPA class transformer
2026-05-27T16:20:21.235-03:00  WARN 11552 --- [appointment-management-api] [           main] org.hibernate.orm.deprecation            : HHH90000025: H2Dialect does not need to be specified explicitly using 'hibernate.dialect' (remove the property setting and it will be selected by default)
2026-05-27T16:20:21.323-03:00  INFO 11552 --- [appointment-management-api] [           main] o.h.e.t.j.p.i.JtaPlatformInitiator       : HHH000489: No JTA platform available (set 'hibernate.transaction.jta.platform' to enable JTA platform integration)
2026-05-27T16:20:21.324-03:00  INFO 11552 --- [appointment-management-api] [           main] j.LocalContainerEntityManagerFactoryBean : Initialized JPA EntityManagerFactory for persistence unit 'default'
2026-05-27T16:20:21.448-03:00  INFO 11552 --- [appointment-management-api] [           main] eAuthenticationProviderManagerConfigurer : Global AuthenticationManager configured with AuthenticationProvider bean with name authenticationProvider
2026-05-27T16:20:21.448-03:00  WARN 11552 --- [appointment-management-api] [           main] r$InitializeUserDetailsManagerConfigurer : Global AuthenticationManager configured with an AuthenticationProvider bean. UserDetailsService beans will not be used for username/password login. Consider removing the AuthenticationProvider bean. Alternatively, consider using the UserDetailsService in a manually instantiated DaoAuthenticationProvider.
2026-05-27T16:20:21.589-03:00  INFO 11552 --- [appointment-management-api] [           main] o.s.b.t.m.w.SpringBootMockServletContext : Initializing Spring TestDispatcherServlet ''
2026-05-27T16:20:21.590-03:00  INFO 11552 --- [appointment-management-api] [           main] o.s.t.web.servlet.TestDispatcherServlet  : Initializing Servlet ''
2026-05-27T16:20:21.590-03:00  INFO 11552 --- [appointment-management-api] [           main] o.s.t.web.servlet.TestDispatcherServlet  : Completed initialization in 0 ms
2026-05-27T16:20:21.597-03:00  INFO 11552 --- [appointment-management-api] [           main] c.t.a.a.AppointmentHistoryControllerTest : Started AppointmentHistoryControllerTest in 0.749 seconds (process running for 8.741)
]]></system-out>
  </testcase>
  <testcase name="adminCanFilterAppointmentsByClientProfessionalStatusAndDateRange" classname="com.turnos.api.appointments.AppointmentHistoryControllerTest" time="0.187"/>
  <testcase name="supportsPaginationAndSorting" classname="com.turnos.api.appointments.AppointmentHistoryControllerTest" time="0.195"/>
</testsuite>